app/build/intermediates/manifest_merge_blame_file/debug/manifest-merger-blame-debug-report.txt
1<?xml version="1.0" encoding="utf-8"?>
2<manifest xmlns:android="http://schemas.android.com/apk/res/android"
3    package="com.Integrador.triband"
4    android:versionCode="1"
5    android:versionName="1.0" >
6
7    <uses-sdk
8        android:minSdkVersion="15"
8-->src/main/AndroidManifest.xml
9        android:targetSdkVersion="29" />
9-->src/main/AndroidManifest.xml
10
11    <uses-permission android:name="android.permission.INTERNET" />
11-->src/main/AndroidManifest.xml:48:5-67
11-->src/main/AndroidManifest.xml:48:22-64
12    <uses-permission android:name="android.permission.ACCESS_FINE_LOCATION" />
12-->src/main/AndroidManifest.xml:50:5-79
12-->src/main/AndroidManifest.xml:50:22-76
13
14    <!-- Include required permissions for Google Maps API to run. -->
15    <uses-permission android:name="android.permission.ACCESS_NETWORK_STATE" />
15-->[com.google.android.gms:play-services-maps:17.0.0] AndroidManifest.xml:23:5-79
15-->[com.google.android.gms:play-services-maps:17.0.0] AndroidManifest.xml:23:22-76
16
17    <uses-feature
17-->[com.google.android.gms:play-services-maps:17.0.0] AndroidManifest.xml:26:5-28:35
18        android:glEsVersion="0x00020000"
18-->[com.google.android.gms:play-services-maps:17.0.0] AndroidManifest.xml:27:9-41
19        android:required="true" />
19-->[com.google.android.gms:play-services-maps:17.0.0] AndroidManifest.xml:28:9-32
20    <!--
21         The ACCESS_COARSE/FINE_LOCATION permissions are not required to use
22         Google Maps Android API v2, but you must specify either coarse or fine
23         location permissions for the 'MyLocation' functionality.
24    -->
25    <application
25-->src/main/AndroidManifest.xml:9:5-47:19
26        android:allowBackup="true"
26-->src/main/AndroidManifest.xml:10:9-35
27        android:appComponentFactory="androidx.core.app.CoreComponentFactory"
27-->[androidx.core:core:1.0.1] AndroidManifest.xml:22:18-86
28        android:debuggable="true"
29        android:icon="@mipmap/ic_launcher"
29-->src/main/AndroidManifest.xml:11:9-43
30        android:label="@string/app_name"
30-->src/main/AndroidManifest.xml:12:9-41
31        android:roundIcon="@mipmap/ic_launcher_round"
31-->src/main/AndroidManifest.xml:13:9-54
32        android:supportsRtl="true"
32-->src/main/AndroidManifest.xml:14:9-35
33        android:theme="@style/AppTheme" >
33-->src/main/AndroidManifest.xml:15:9-40
34        <activity android:name="com.Integrador.triband.PesquisarActivity" />
34-->src/main/AndroidManifest.xml:16:9-64
34-->src/main/AndroidManifest.xml:16:19-52
35        <activity android:name="com.Integrador.triband.CadastroEstudioActivity" />
35-->src/main/AndroidManifest.xml:17:9-61
35-->src/main/AndroidManifest.xml:17:19-58
36        <activity android:name="com.Integrador.triband.CadastroBandaActivity" />
36-->src/main/AndroidManifest.xml:18:9-59
36-->src/main/AndroidManifest.xml:18:19-56
37        <activity android:name="com.Integrador.triband.EditarBandaActivity" />
37-->src/main/AndroidManifest.xml:19:9-57
37-->src/main/AndroidManifest.xml:19:19-54
38        <activity android:name="com.Integrador.triband.EditarEstudioActivity" />
38-->src/main/AndroidManifest.xml:20:9-59
38-->src/main/AndroidManifest.xml:20:19-56
39        <activity android:name="com.Integrador.triband.PerfilBandaActivity" />
39-->src/main/AndroidManifest.xml:21:9-57
39-->src/main/AndroidManifest.xml:21:19-54
40        <activity android:name="com.Integrador.triband.LoginBandaActivity" />
40-->src/main/AndroidManifest.xml:22:9-56
40-->src/main/AndroidManifest.xml:22:19-53
41        <activity android:name="com.Integrador.triband.BemVindoActivity" >
41-->src/main/AndroidManifest.xml:23:9-29:20
41-->src/main/AndroidManifest.xml:23:19-51
42            <intent-filter>
42-->src/main/AndroidManifest.xml:24:13-28:29
43                <action android:name="android.intent.action.MAIN" />
43-->src/main/AndroidManifest.xml:25:17-69
43-->src/main/AndroidManifest.xml:25:25-66
44
45                <category android:name="android.intent.category.LAUNCHER" />
45-->src/main/AndroidManifest.xml:27:17-77
45-->src/main/AndroidManifest.xml:27:27-74
46            </intent-filter>
47        </activity>
48        <!--
49             The API key for Google Maps-based APIs is defined as a string resource.
50             (See the file "res/values/google_maps_api.xml").
51             Note that the API key is linked to the encryption key used to sign the APK.
52             You need a different API key for each encryption key, including the release key that is used to
53             sign the APK for publishing.
54             You can define the keys for the debug and release targets in src/debug/ and src/release/.
55        -->
56        <activity
56-->src/main/AndroidManifest.xml:38:9-40:59
57            android:name="com.Integrador.triband.MapsFragment"
57-->src/main/AndroidManifest.xml:39:13-41
58            android:label="@string/title_activity_maps" />
58-->src/main/AndroidManifest.xml:40:13-56
59        <activity android:name="com.Integrador.triband.PerfilEstudioActivity" />
59-->src/main/AndroidManifest.xml:42:9-59
59-->src/main/AndroidManifest.xml:42:19-56
60        <activity android:name="com.Integrador.triband.LoginEstudioActivity" />
60-->src/main/AndroidManifest.xml:43:9-58
60-->src/main/AndroidManifest.xml:43:19-55
61
62        <meta-data
62-->src/main/AndroidManifest.xml:44:9-46:55
63            android:name="com.google.android.geo.API_KEY"
63-->src/main/AndroidManifest.xml:45:13-58
64            android:value="@string/google_maps_key" />
64-->src/main/AndroidManifest.xml:46:13-52
65        <!-- Needs to be explicitly declared on P+ -->
66        <uses-library
66-->[com.google.android.gms:play-services-maps:17.0.0] AndroidManifest.xml:33:9-35:40
67            android:name="org.apache.http.legacy"
67-->[com.google.android.gms:play-services-maps:17.0.0] AndroidManifest.xml:34:13-50
68            android:required="false" />
68-->[com.google.android.gms:play-services-maps:17.0.0] AndroidManifest.xml:35:13-37
69
70        <activity
70-->[com.google.android.gms:play-services-base:17.0.0] AndroidManifest.xml:23:9-26:75
71            android:name="com.google.android.gms.common.api.GoogleApiActivity"
71-->[com.google.android.gms:play-services-base:17.0.0] AndroidManifest.xml:24:13-79
72            android:exported="false"
72-->[com.google.android.gms:play-services-base:17.0.0] AndroidManifest.xml:25:13-37
73            android:theme="@android:style/Theme.Translucent.NoTitleBar" />
73-->[com.google.android.gms:play-services-base:17.0.0] AndroidManifest.xml:26:13-72
74
75        <meta-data
75-->[com.google.android.gms:play-services-basement:17.0.0] AndroidManifest.xml:23:9-25:69
76            android:name="com.google.android.gms.version"
76-->[com.google.android.gms:play-services-basement:17.0.0] AndroidManifest.xml:24:13-58
77            android:value="@integer/google_play_services_version" />
77-->[com.google.android.gms:play-services-basement:17.0.0] AndroidManifest.xml:25:13-66
78    </application>
79
80</manifest>